[debug] [2025-08-05T22:44:37.115Z] ----------------------------------------------------------------------
[debug] [2025-08-05T22:44:37.122Z] Command:       C:\Program Files\nodejs\node.exe C:\Program Files\nodejs\node_modules\firebase-tools\lib\bin\firebase.js init hosting
[debug] [2025-08-05T22:44:37.124Z] CLI Version:   13.29.1
[debug] [2025-08-05T22:44:37.125Z] Platform:      win32
[debug] [2025-08-05T22:44:37.126Z] Node Version:  v18.20.5
[debug] [2025-08-05T22:44:37.129Z] Time:          Wed Aug 06 2025 01:44:37 GMT+0300 (GMT+03:00)
[debug] [2025-08-05T22:44:37.130Z] ----------------------------------------------------------------------
[debug] 
[debug] [2025-08-05T22:44:37.151Z] > command requires scopes: ["email","openid","https://www.googleapis.com/auth/cloudplatformprojects.readonly","https://www.googleapis.com/auth/firebase","https://www.googleapis.com/auth/cloud-platform"]
[debug] [2025-08-05T22:44:37.153Z] > authorizing via signed-in user (troyatech17@gmail.com)
[info] 
     ######## #### ########  ######## ########     ###     ######  ########
     ##        ##  ##     ## ##       ##     ##  ##   ##  ##       ##
     ######    ##  ########  ######   ########  #########  ######  ######
     ##        ##  ##    ##  ##       ##     ## ##     ##       ## ##
     ##       #### ##     ## ######## ########  ##     ##  ######  ########

You're about to initialize a Firebase project in this directory:

  C:\A\AngularProjects\github-actions

Before we get started, keep in mind:

  * You are currently outside your home directory

[info] 
=== Project Setup
[info] 
[info] First, let's associate this project directory with a Firebase project.
[info] You can create multiple project aliases by running firebase use --add, 
[info] but for now we'll just set up a default project.
[info] 
[debug] [2025-08-05T22:44:41.960Z] Checked if tokens are valid: true, expires at: 1754437453917
[debug] [2025-08-05T22:44:41.960Z] Checked if tokens are valid: true, expires at: 1754437453917
[debug] [2025-08-05T22:44:41.963Z] >>> [apiv2][query] GET https://firebase.googleapis.com/v1beta1/projects pageSize=100
[debug] [2025-08-05T22:44:42.629Z] <<< [apiv2][status] GET https://firebase.googleapis.com/v1beta1/projects 200
[debug] [2025-08-05T22:44:42.630Z] <<< [apiv2][body] GET https://firebase.googleapis.com/v1beta1/projects [omitted]
[info] i  Using project project1-95139 (project1) 
[info] 
=== Hosting Setup
[debug] [2025-08-05T22:44:44.604Z] Checked if tokens are valid: true, expires at: 1754437453917
[debug] [2025-08-05T22:44:44.604Z] Checked if tokens are valid: true, expires at: 1754437453917
[debug] [2025-08-05T22:44:44.604Z] >>> [apiv2][query] GET https://firebase.googleapis.com/v1beta1/projects/project1-95139 [none]
[debug] [2025-08-05T22:44:44.942Z] <<< [apiv2][status] GET https://firebase.googleapis.com/v1beta1/projects/project1-95139 200
[debug] [2025-08-05T22:44:44.943Z] <<< [apiv2][body] GET https://firebase.googleapis.com/v1beta1/projects/project1-95139 {"projectId":"project1-95139","projectNumber":"221867945092","displayName":"project1","name":"projects/project1-95139","resources":{"hostingSite":"project1-95139"},"state":"ACTIVE","etag":"1_631dc25d-80cf-48bc-aba4-c2c71680feb9"}
[info] 
[info] Your public directory is the folder (relative to your project directory) that
[info] will contain Hosting assets to be uploaded with firebase deploy. If you
[info] have a build process for your assets, use your build's output directory.
[info] 
